[2024-06-06 11:03:08] [INFO    ] discord.client: logging in using static token
[2024-06-06 11:03:08] [DEBUG   ] discord.http: GET https://discord.com/api/v10/users/@me with None has returned 200
[2024-06-06 11:03:08] [DEBUG   ] discord.http: GET /users/@me has found its initial rate limit bucket hash (78bb8553d9352a5a2f89f9def401287a).
[2024-06-06 11:03:08] [DEBUG   ] discord.http: GET https://discord.com/api/v10/users/@me has received {'id': '1247355355734868009', 'username': 'Blitz', 'avatar': 'ccd11db6cfbedcb420272e45cbbfb953', 'discriminator': '9581', 'public_flags': 0, 'flags': 0, 'bot': True, 'banner': None, 'accent_color': None, 'global_name': None, 'avatar_decoration_data': None, 'banner_color': None, 'clan': None, 'mfa_enabled': True, 'locale': 'en-US', 'premium_type': 0, 'email': None, 'verified': True, 'bio': ''}
[2024-06-06 11:03:09] [DEBUG   ] discord.http: GET https://discord.com/api/v10/oauth2/applications/@me with None has returned 200
[2024-06-06 11:03:09] [DEBUG   ] discord.http: GET /oauth2/applications/@me has found its initial rate limit bucket hash (d28a133af187e91d71d96a223467ce49).
[2024-06-06 11:03:09] [DEBUG   ] discord.http: GET https://discord.com/api/v10/oauth2/applications/@me has received {'id': '1247355355734868009', 'name': 'Blitz', 'icon': 'ccd11db6cfbedcb420272e45cbbfb953', 'description': '', 'type': None, 'bot': {'id': '1247355355734868009', 'username': 'Blitz', 'avatar': 'ccd11db6cfbedcb420272e45cbbfb953', 'discriminator': '9581', 'public_flags': 0, 'flags': 0, 'bot': True, 'banner': None, 'accent_color': None, 'global_name': None, 'avatar_decoration_data': None, 'banner_color': None, 'clan': None}, 'summary': '', 'is_monetized': False, 'bot_public': True, 'bot_require_code_grant': False, 'integration_types_config': {'0': {}}, 'verify_key': '95d596ff790d54a7bc7a1096373b10b924d8e23469e4223754dc840ba734eeec', 'flags': 565248, 'hook': True, 'storefront_available': False, 'redirect_uris': [], 'interactions_endpoint_url': None, 'role_connections_verification_url': None, 'owner': {'id': '1247353951238623252', 'username': 'team1247353951238623252', 'avatar': None, 'discriminator': '0000', 'public_flags': 1024, 'flags': 1024, 'banner': None, 'accent_color': None, 'global_name': None, 'avatar_decoration_data': None, 'banner_color': None, 'clan': None}, 'approximate_guild_count': 1, 'interactions_event_types': [], 'interactions_version': 1, 'explicit_content_filter': 0, 'rpc_application_state': 0, 'store_application_state': 1, 'verification_state': 1, 'integration_public': True, 'integration_require_code_grant': False, 'discoverability_state': 1, 'discovery_eligibility_flags': 2240, 'monetization_state': 1, 'verification_eligibility_flags': 123166, 'monetization_eligibility_flags': 247526, 'team': {'id': '1247353951238623252', 'icon': 'e03367d99a8e09fb76796a21f668629c', 'name': 'Crab Champions', 'owner_user_id': '184864181663563776', 'members': [{'user': {'id': '206523363814932480', 'username': '.hell0', 'avatar': '8776ee90f4a9ed6df30fd0e435e06b84', 'discriminator': '0', 'public_flags': 64, 'flags': 64, 'banner': None, 'accent_color': None, 'global_name': 'hell0', 'avatar_decoration_data': None, 'banner_color': None, 'clan': None}, 'team_id': '1247353951238623252', 'membership_state': 2, 'role': 'admin', 'permissions': ['*']}, {'user': {'id': '184864181663563776', 'username': 'redastrals', 'avatar': 'a_0441266a2421068e63433801a721dd03', 'discriminator': '0', 'public_flags': 128, 'flags': 128, 'banner': None, 'accent_color': None, 'global_name': 'Astral', 'avatar_decoration_data': {'asset': 'a_fe3c76cac2adf426832a7e495e8329d3', 'sku_id': '1144046002110738634'}, 'banner_color': None, 'clan': None}, 'team_id': '1247353951238623252', 'membership_state': 2, 'role': 'admin', 'permissions': ['*']}]}, 'internal_guild_restriction': 2}
[2024-06-06 11:03:09] [DEBUG   ] discord.gateway: Created websocket connected to wss://gateway.discord.gg/
[2024-06-06 11:03:09] [DEBUG   ] discord.gateway: For Shard ID None: WebSocket Event: {'t': None, 's': None, 'op': 10, 'd': {'heartbeat_interval': 41250, '_trace': ['["gateway-prd-us-east1-d-jf0x",{"micros":0.0}]']}}
[2024-06-06 11:03:09] [DEBUG   ] discord.gateway: Shard ID None has sent the IDENTIFY payload.
[2024-06-06 11:03:09] [DEBUG   ] discord.gateway: For Shard ID None: WebSocket Event: {'t': None, 's': None, 'op': 11, 'd': None}
[2024-06-06 11:03:09] [DEBUG   ] discord.gateway: For Shard ID None: WebSocket Event: {'t': 'READY', 's': 1, 'op': 0, 'd': {'v': 10, 'user_settings': {}, 'user': {'verified': True, 'username': 'Blitz', 'mfa_enabled': True, 'id': '1247355355734868009', 'global_name': None, 'flags': 0, 'email': None, 'discriminator': '9581', 'clan': None, 'bot': True, 'avatar': 'ccd11db6cfbedcb420272e45cbbfb953'}, 'session_type': 'normal', 'session_id': '35b7edb6dfbc284d7733e2a79e056d7d', 'resume_gateway_url': 'wss://gateway-us-east1-d.discord.gg', 'relationships': [], 'private_channels': [], 'presences': [], 'guilds': [{'unavailable': True, 'id': '1247356395582652459'}], 'guild_join_requests': [], 'geo_ordered_rtc_regions': ['us-west', 'santa-clara', 'seattle', 'us-south', 'us-central'], 'auth': {}, 'application': {'id': '1247355355734868009', 'flags': 565248}, '_trace': ['["gateway-prd-us-east1-d-jf0x",{"micros":61468,"calls":["id_created",{"micros":846,"calls":[]},"session_lookup_time",{"micros":2747,"calls":[]},"session_lookup_finished",{"micros":15,"calls":[]},"discord-sessions-prd-1-66",{"micros":57342,"calls":["start_session",{"micros":40955,"calls":["discord-api-rpc-78cd88d684-mr7p5",{"micros":37386,"calls":["get_user",{"micros":5703},"get_guilds",{"micros":4816},"send_scheduled_deletion_message",{"micros":6},"guild_join_requests",{"micros":0},"authorized_ip_coro",{"micros":6}]}]},"starting_guild_connect",{"micros":68,"calls":[]},"presence_started",{"micros":10981,"calls":[]},"guilds_started",{"micros":93,"calls":[]},"guilds_connect",{"micros":1,"calls":[]},"presence_connect",{"micros":5174,"calls":[]},"connect_finished",{"micros":5180,"calls":[]},"build_ready",{"micros":14,"calls":[]},"clean_ready",{"micros":0,"calls":[]},"optimize_ready",{"micros":45,"calls":[]},"split_ready",{"micros":1,"calls":[]}]}]}]']}}
[2024-06-06 11:03:09] [DEBUG   ] discord.client: Dispatching event socket_event_type
[2024-06-06 11:03:09] [INFO    ] discord.gateway: Shard ID None has connected to Gateway (Session ID: 35b7edb6dfbc284d7733e2a79e056d7d).
[2024-06-06 11:03:09] [DEBUG   ] discord.client: Dispatching event connect
[2024-06-06 11:03:09] [DEBUG   ] discord.gateway: For Shard ID None: WebSocket Event: {'t': 'GUILD_CREATE', 's': 2, 'op': 0, 'd': {'lazy': True, 'premium_tier': 0, 'unavailable': False, 'max_stage_video_channel_users': 50, 'stage_instances': [], 'icon': None, 'channels': [{'version': 1717463339693, 'type': 4, 'position': 0, 'permission_overwrites': [], 'name': 'Text Channels', 'id': '1247356396513792080', 'flags': 0}, {'version': 1717463339727, 'type': 4, 'position': 0, 'permission_overwrites': [], 'name': 'Voice Channels', 'id': '1247356396513792081', 'flags': 0}, {'version': 1717606617168, 'type': 0, 'topic': None, 'rate_limit_per_user': 0, 'position': 0, 'permission_overwrites': [], 'parent_id': '1247356396513792080', 'name': 'general', 'last_pin_timestamp': '2024-06-05T16:56:57+00:00', 'last_message_id': '1248335839369625744', 'id': '1247356396513792082', 'icon_emoji': {'name': '👋', 'id': None}, 'flags': 0}, {'version': 1717463339768, 'user_limit': 0, 'type': 2, 'rtc_region': None, 'rate_limit_per_user': 0, 'position': 0, 'permission_overwrites': [], 'parent_id': '1247356396513792081', 'name': 'General', 'last_message_id': None, 'id': '1247356396513792083', 'icon_emoji': {'name': '🎙️', 'id': None}, 'flags': 0, 'bitrate': 64000}, {'version': 1717463750165, 'type': 0, 'topic': None, 'rate_limit_per_user': 0, 'position': 1, 'permission_overwrites': [], 'parent_id': '1247356396513792080', 'name': 'links', 'last_message_id': '1247735972511088661', 'id': '1247358118162206822', 'flags': 0}, {'version': 1717554665941, 'type': 0, 'topic': None, 'rate_limit_per_user': 0, 'position': 2, 'permission_overwrites': [], 'parent_id': '1247356396513792080', 'name': 'test-commands', 'last_message_id': None, 'id': '1247739446171009187', 'flags': 0}], 'mfa_level': 0, 'nsfw': False, 'explicit_content_filter': 0, 'joined_at': '2024-06-04T01:13:08.702000+00:00', 'system_channel_flags': 0, 'owner_id': '184864181663563776', 'region': 'deprecated', 'id': '1247356395582652459', 'default_message_notifications': 0, 'verification_level': 0, 'latest_onboarding_question_id': None, 'max_members': 500000, 'system_channel_id': '1247356396513792082', 'name': 'Blitz Test Server', 'soundboard_sounds': [], 'stickers': [], 'members': [{'user': {'username': 'Blitz', 'public_flags': 0, 'id': '1247355355734868009', 'global_name': None, 'display_name': None, 'discriminator': '9581', 'clan': None, 'bot': True, 'avatar_decoration_data': None, 'avatar': 'ccd11db6cfbedcb420272e45cbbfb953'}, 'roles': ['1247357440677384365'], 'premium_since': None, 'pending': False, 'nick': None, 'mute': False, 'joined_at': '2024-06-04T01:13:08.702000+00:00', 'flags': 0, 'deaf': False, 'communication_disabled_until': None, 'avatar': None}], 'home_header': None, 'max_video_channel_users': 25, 'afk_channel_id': None, 'threads': [], 'application_id': None, 'embedded_activities': [], 'emojis': [], 'description': None, 'safety_alerts_channel_id': None, 'voice_states': [], 'banner': None, 'inventory_settings': None, 'hub_type': None, 'guild_scheduled_events': [], 'member_count': 3, 'presences': [], 'afk_timeout': 300, 'public_updates_channel_id': None, 'splash': None, 'preferred_locale': 'en-US', 'large': False, 'premium_progress_bar_enabled': False, 'clan': None, 'incidents_data': None, 'roles': [{'version': 1717463616967, 'unicode_emoji': None, 'tags': {}, 'position': 0, 'permissions': '2248473465835081', 'name': '@everyone', 'mentionable': False, 'managed': False, 'id': '1247356395582652459', 'icon': None, 'hoist': False, 'flags': 0, 'color': 0}, {'version': 1717463588691, 'unicode_emoji': None, 'tags': {'bot_id': '1247355355734868009'}, 'position': 1, 'permissions': '139586750528', 'name': 'Blitz', 'mentionable': False, 'managed': True, 'id': '1247357440677384365', 'icon': None, 'hoist': False, 'flags': 0, 'color': 0}], 'application_command_counts': {}, 'nsfw_level': 0, 'rules_channel_id': None, 'features': [], 'version': 1717463627847, 'discovery_splash': None, 'vanity_url_code': None, 'activity_instances': {}, 'premium_subscription_count': 0}}
[2024-06-06 11:03:09] [DEBUG   ] discord.client: Dispatching event socket_event_type
[2024-06-06 11:03:09] [DEBUG   ] discord.client: Dispatching event guild_available
[2024-06-06 11:03:11] [DEBUG   ] discord.client: Dispatching event ready
[2024-06-06 11:03:40] [DEBUG   ] discord.gateway: For Shard ID None: WebSocket Event: {'t': 'MESSAGE_CREATE', 's': 3, 'op': 0, 'd': {'type': 0, 'tts': False, 'timestamp': '2024-06-06T18:03:31.880000+00:00', 'pinned': False, 'nonce': '1248336524202737664', 'mentions': [], 'mention_roles': [], 'mention_everyone': False, 'member': {'roles': [], 'premium_since': None, 'pending': False, 'nick': None, 'mute': False, 'joined_at': '2024-06-04T01:08:59.493000+00:00', 'flags': 0, 'deaf': False, 'communication_disabled_until': None, 'avatar': None}, 'id': '1248336488714866841', 'flags': 0, 'embeds': [], 'edited_timestamp': None, 'content': '$hello', 'components': [], 'channel_id': '1247356396513792082', 'author': {'username': 'redastrals', 'public_flags': 128, 'id': '184864181663563776', 'global_name': 'Astral', 'discriminator': '0', 'clan': None, 'avatar_decoration_data': {'sku_id': '1144046002110738634', 'asset': 'a_fe3c76cac2adf426832a7e495e8329d3'}, 'avatar': 'a_0441266a2421068e63433801a721dd03'}, 'attachments': [], 'guild_id': '1247356395582652459'}}
[2024-06-06 11:03:40] [DEBUG   ] discord.client: Dispatching event socket_event_type
[2024-06-06 11:03:40] [DEBUG   ] discord.client: Dispatching event message
[2024-06-06 11:03:50] [DEBUG   ] discord.gateway: Keeping shard ID None websocket alive with sequence 3.
[2024-06-06 11:03:50] [DEBUG   ] discord.gateway: For Shard ID None: WebSocket Event: {'t': None, 's': None, 'op': 11, 'd': None}
[2024-06-06 11:04:31] [DEBUG   ] discord.gateway: Keeping shard ID None websocket alive with sequence 3.
[2024-06-06 11:04:31] [DEBUG   ] discord.gateway: For Shard ID None: WebSocket Event: {'t': None, 's': None, 'op': 11, 'd': None}
[2024-06-06 11:05:13] [DEBUG   ] discord.gateway: Keeping shard ID None websocket alive with sequence 3.
[2024-06-06 11:05:13] [DEBUG   ] discord.gateway: For Shard ID None: WebSocket Event: {'t': None, 's': None, 'op': 11, 'd': None}
[2024-06-06 11:05:54] [DEBUG   ] discord.gateway: Keeping shard ID None websocket alive with sequence 3.
[2024-06-06 11:05:54] [DEBUG   ] discord.gateway: For Shard ID None: WebSocket Event: {'t': None, 's': None, 'op': 11, 'd': None}
[2024-06-06 11:06:35] [DEBUG   ] discord.gateway: Keeping shard ID None websocket alive with sequence 3.
[2024-06-06 11:06:35] [DEBUG   ] discord.gateway: For Shard ID None: WebSocket Event: {'t': None, 's': None, 'op': 11, 'd': None}
[2024-06-06 11:07:16] [DEBUG   ] discord.gateway: Keeping shard ID None websocket alive with sequence 3.
[2024-06-06 11:07:16] [DEBUG   ] discord.gateway: For Shard ID None: WebSocket Event: {'t': None, 's': None, 'op': 11, 'd': None}
[2024-06-06 11:07:58] [DEBUG   ] discord.gateway: Keeping shard ID None websocket alive with sequence 3.
[2024-06-06 11:07:58] [DEBUG   ] discord.gateway: For Shard ID None: WebSocket Event: {'t': None, 's': None, 'op': 11, 'd': None}
[2024-06-06 11:08:39] [DEBUG   ] discord.gateway: Keeping shard ID None websocket alive with sequence 3.
[2024-06-06 11:08:39] [DEBUG   ] discord.gateway: For Shard ID None: WebSocket Event: {'t': None, 's': None, 'op': 11, 'd': None}
[2024-06-06 11:09:20] [DEBUG   ] discord.gateway: Keeping shard ID None websocket alive with sequence 3.
[2024-06-06 11:09:20] [DEBUG   ] discord.gateway: For Shard ID None: WebSocket Event: {'t': None, 's': None, 'op': 11, 'd': None}
[2024-06-06 11:10:01] [DEBUG   ] discord.gateway: Keeping shard ID None websocket alive with sequence 3.
[2024-06-06 11:10:02] [DEBUG   ] discord.gateway: For Shard ID None: WebSocket Event: {'t': None, 's': None, 'op': 11, 'd': None}
[2024-06-06 11:10:43] [DEBUG   ] discord.gateway: Keeping shard ID None websocket alive with sequence 3.
[2024-06-06 11:10:43] [DEBUG   ] discord.gateway: For Shard ID None: WebSocket Event: {'t': None, 's': None, 'op': 11, 'd': None}
[2024-06-06 11:11:24] [DEBUG   ] discord.gateway: Keeping shard ID None websocket alive with sequence 3.
[2024-06-06 11:11:24] [DEBUG   ] discord.gateway: For Shard ID None: WebSocket Event: {'t': None, 's': None, 'op': 11, 'd': None}
[2024-06-06 11:12:05] [DEBUG   ] discord.gateway: Keeping shard ID None websocket alive with sequence 3.
[2024-06-06 11:12:05] [DEBUG   ] discord.gateway: For Shard ID None: WebSocket Event: {'t': None, 's': None, 'op': 11, 'd': None}
[2024-06-06 11:12:46] [DEBUG   ] discord.gateway: Keeping shard ID None websocket alive with sequence 3.
[2024-06-06 11:12:47] [DEBUG   ] discord.gateway: For Shard ID None: WebSocket Event: {'t': None, 's': None, 'op': 11, 'd': None}
[2024-06-06 11:13:28] [DEBUG   ] discord.gateway: Keeping shard ID None websocket alive with sequence 3.
[2024-06-06 11:13:28] [DEBUG   ] discord.gateway: For Shard ID None: WebSocket Event: {'t': None, 's': None, 'op': 11, 'd': None}
[2024-06-06 11:14:09] [DEBUG   ] discord.gateway: Keeping shard ID None websocket alive with sequence 3.
[2024-06-06 11:14:09] [DEBUG   ] discord.gateway: For Shard ID None: WebSocket Event: {'t': None, 's': None, 'op': 11, 'd': None}
[2024-06-06 11:14:26] [DEBUG   ] discord.client: on_ready has successfully been registered as an event
[2024-06-06 11:14:26] [DEBUG   ] discord.client: on_message has successfully been registered as an event
[2024-06-06 11:14:26] [INFO    ] discord.client: logging in using static token
